android/build/intermediates/manifest_merge_blame_file/debug/manifest-merger-blame-debug-report.txt
1<?xml version="1.0" encoding="utf-8"?>
2<manifest xmlns:android="http://schemas.android.com/apk/res/android"
3    package="com.superbinogo.jungleboyadventure"
4    android:versionCode="1"
5    android:versionName="1.0" >
6
7    <uses-sdk
8        android:minSdkVersion="15"
8-->BinoRemake\android\AndroidManifest.xml
9        android:targetSdkVersion="30" />
9-->BinoRemake\android\AndroidManifest.xml
10
11    <application
11-->BinoRemake\android\AndroidManifest.xml:7:5-22:19
12        android:name="android.support.multidex.MultiDexApplication"
13        android:allowBackup="true"
13-->BinoRemake\android\AndroidManifest.xml:8:9-35
14        android:debuggable="true"
15        android:icon="@drawable/ic_launcher"
15-->BinoRemake\android\AndroidManifest.xml:9:9-45
16        android:label="@string/app_name"
16-->BinoRemake\android\AndroidManifest.xml:10:9-41
17        android:testOnly="true"
18        android:theme="@style/GdxTheme" >
18-->BinoRemake\android\AndroidManifest.xml:11:9-40
19        <activity
19-->BinoRemake\android\AndroidManifest.xml:12:9-21:20
20            android:name="com.superbinogo.jungleboyadventure.android.AndroidLauncher"
20-->BinoRemake\android\AndroidManifest.xml:13:13-86
21            android:configChanges="keyboard|keyboardHidden|orientation|screenSize"
21-->BinoRemake\android\AndroidManifest.xml:16:13-83
22            android:label="@string/app_name"
22-->BinoRemake\android\AndroidManifest.xml:14:13-45
23            android:screenOrientation="landscape" >
23-->BinoRemake\android\AndroidManifest.xml:15:13-50
24            <intent-filter>
24-->BinoRemake\android\AndroidManifest.xml:17:13-20:29
25                <action android:name="android.intent.action.MAIN" />
25-->BinoRemake\android\AndroidManifest.xml:18:17-69
25-->BinoRemake\android\AndroidManifest.xml:18:25-66
26
27                <category android:name="android.intent.category.LAUNCHER" />
27-->BinoRemake\android\AndroidManifest.xml:19:17-77
27-->BinoRemake\android\AndroidManifest.xml:19:27-74
28            </intent-filter>
29        </activity>
30        <activity
30-->[com.google.android.gms:play-services-base:16.0.1] AndroidManifest.xml:23:9-26:75
31            android:name="com.google.android.gms.common.api.GoogleApiActivity"
31-->[com.google.android.gms:play-services-base:16.0.1] AndroidManifest.xml:24:13-79
32            android:exported="false"
32-->[com.google.android.gms:play-services-base:16.0.1] AndroidManifest.xml:25:13-37
33            android:theme="@android:style/Theme.Translucent.NoTitleBar" />
33-->[com.google.android.gms:play-services-base:16.0.1] AndroidManifest.xml:26:13-72
34
35        <meta-data
35-->[com.google.android.gms:play-services-basement:16.0.1] AndroidManifest.xml:23:9-25:69
36            android:name="com.google.android.gms.version"
36-->[com.google.android.gms:play-services-basement:16.0.1] AndroidManifest.xml:24:13-58
37            android:value="@integer/google_play_services_version" />
37-->[com.google.android.gms:play-services-basement:16.0.1] AndroidManifest.xml:25:13-66
38        <meta-data
38-->[com.android.support:support-v4:26.1.0] AndroidManifest.xml:26:9-28:38
39            android:name="android.support.VERSION"
39-->[com.android.support:support-v4:26.1.0] AndroidManifest.xml:27:13-51
40            android:value="26.1.0" />
40-->[com.android.support:support-v4:26.1.0] AndroidManifest.xml:28:13-35
41        <meta-data
41-->[android.arch.lifecycle:runtime:1.0.0] AndroidManifest.xml:25:9-27:47
42            android:name="android.arch.lifecycle.VERSION"
42-->[android.arch.lifecycle:runtime:1.0.0] AndroidManifest.xml:26:13-58
43            android:value="27.0.0-SNAPSHOT" />
43-->[android.arch.lifecycle:runtime:1.0.0] AndroidManifest.xml:27:13-44
44    </application>
45
46</manifest>